c:\users\andyv\downloads\gnuboy\visualc\gnuboy\gnuboy\x64\release\vc143.pdb
c:\users\andyv\downloads\gnuboy\visualc\gnuboy\gnuboy\x64\release\rccmds.obj
c:\users\andyv\downloads\gnuboy\visualc\gnuboy\gnuboy\x64\release\path.obj
c:\users\andyv\downloads\gnuboy\visualc\gnuboy\gnuboy\x64\release\palette.obj
c:\users\andyv\downloads\gnuboy\visualc\gnuboy\gnuboy\x64\release\newsound.obj
c:\users\andyv\downloads\gnuboy\visualc\gnuboy\gnuboy\x64\release\miniz_tinfl.obj
c:\users\andyv\downloads\gnuboy\visualc\gnuboy\gnuboy\x64\release\menu.obj
c:\users\andyv\downloads\gnuboy\visualc\gnuboy\gnuboy\x64\release\mem.obj
c:\users\andyv\downloads\gnuboy\visualc\gnuboy\gnuboy\x64\release\main.obj
c:\users\andyv\downloads\gnuboy\visualc\gnuboy\gnuboy\x64\release\loader.obj
c:\users\andyv\downloads\gnuboy\visualc\gnuboy\gnuboy\x64\release\lcdc.obj
c:\users\andyv\downloads\gnuboy\visualc\gnuboy\gnuboy\x64\release\lcd.obj
c:\users\andyv\downloads\gnuboy\visualc\gnuboy\gnuboy\x64\release\keytable.obj
c:\users\andyv\downloads\gnuboy\visualc\gnuboy\gnuboy\x64\release\inflate.obj
c:\users\andyv\downloads\gnuboy\visualc\gnuboy\gnuboy\x64\release\hw.obj
c:\users\andyv\downloads\gnuboy\visualc\gnuboy\gnuboy\x64\release\fastmem.obj
c:\users\andyv\downloads\gnuboy\visualc\gnuboy\gnuboy\x64\release\exports.obj
c:\users\andyv\downloads\gnuboy\visualc\gnuboy\gnuboy\x64\release\events.obj
c:\users\andyv\downloads\gnuboy\visualc\gnuboy\gnuboy\x64\release\emu.obj
c:\users\andyv\downloads\gnuboy\visualc\gnuboy\gnuboy\x64\release\debug.obj
c:\users\andyv\downloads\gnuboy\visualc\gnuboy\gnuboy\x64\release\cpu.obj
c:\users\andyv\downloads\gnuboy\visualc\gnuboy\gnuboy\x64\release\xz_dec_stream.obj
c:\users\andyv\downloads\gnuboy\visualc\gnuboy\gnuboy\x64\release\xz_dec_lzma2.obj
c:\users\andyv\downloads\gnuboy\visualc\gnuboy\gnuboy\x64\release\xz_dec_bcj.obj
c:\users\andyv\downloads\gnuboy\visualc\gnuboy\gnuboy\x64\release\xz_crc64.obj
c:\users\andyv\downloads\gnuboy\visualc\gnuboy\gnuboy\x64\release\xz_crc32.obj
c:\users\andyv\downloads\gnuboy\visualc\gnuboy\gnuboy\x64\release\windows.obj
c:\users\andyv\downloads\gnuboy\visualc\gnuboy\gnuboy\x64\release\sdl3.obj
c:\users\andyv\downloads\gnuboy\visualc\gnuboy\gnuboy\x64\release\sdl-joystick.obj
c:\users\andyv\downloads\gnuboy\visualc\gnuboy\gnuboy\x64\release\sdl-audio.obj
c:\users\andyv\downloads\gnuboy\visualc\gnuboy\gnuboy\x64\release\keymap.obj
c:\users\andyv\downloads\gnuboy\visualc\gnuboy\gnuboy\x64\release\split.obj
c:\users\andyv\downloads\gnuboy\visualc\gnuboy\gnuboy\x64\release\sound.obj
c:\users\andyv\downloads\gnuboy\visualc\gnuboy\gnuboy\x64\release\save.obj
c:\users\andyv\downloads\gnuboy\visualc\gnuboy\gnuboy\x64\release\rtc.obj
c:\users\andyv\downloads\gnuboy\visualc\gnuboy\gnuboy\x64\release\refresh.obj
c:\users\andyv\downloads\gnuboy\visualc\gnuboy\gnuboy\x64\release\rcvars.obj
c:\users\andyv\downloads\gnuboy\visualc\gnuboy\gnuboy\x64\release\rckeys.obj
c:\users\andyv\downloads\gnuboy\visualc\gnuboy\gnuboy\x64\release\rcfile.obj
c:\users\andyv\downloads\gnuboy\visualc\gnuboy\x64\release\gnuboy.exe
c:\users\andyv\downloads\gnuboy\visualc\gnuboy\x64\release\gnuboy.pdb
c:\users\andyv\downloads\gnuboy\visualc\gnuboy\gnuboy\x64\release\gnuboy.res
c:\users\andyv\downloads\gnuboy\visualc\gnuboy\gnuboy\x64\release\gnuboy.ipdb
c:\users\andyv\downloads\gnuboy\visualc\gnuboy\gnuboy\x64\release\gnuboy.iobj
c:\users\andyv\downloads\gnuboy\visualc\gnuboy\gnuboy\x64\release\gnuboy.tlog\cl.command.1.tlog
c:\users\andyv\downloads\gnuboy\visualc\gnuboy\gnuboy\x64\release\gnuboy.tlog\cl.items.tlog
c:\users\andyv\downloads\gnuboy\visualc\gnuboy\gnuboy\x64\release\gnuboy.tlog\cl.read.1.tlog
c:\users\andyv\downloads\gnuboy\visualc\gnuboy\gnuboy\x64\release\gnuboy.tlog\cl.write.1.tlog
c:\users\andyv\downloads\gnuboy\visualc\gnuboy\gnuboy\x64\release\gnuboy.tlog\link.command.1.tlog
c:\users\andyv\downloads\gnuboy\visualc\gnuboy\gnuboy\x64\release\gnuboy.tlog\link.read.1.tlog
c:\users\andyv\downloads\gnuboy\visualc\gnuboy\gnuboy\x64\release\gnuboy.tlog\link.secondary.1.tlog
c:\users\andyv\downloads\gnuboy\visualc\gnuboy\gnuboy\x64\release\gnuboy.tlog\link.write.1.tlog
c:\users\andyv\downloads\gnuboy\visualc\gnuboy\gnuboy\x64\release\gnuboy.tlog\rc.command.1.tlog
c:\users\andyv\downloads\gnuboy\visualc\gnuboy\gnuboy\x64\release\gnuboy.tlog\rc.read.1.tlog
c:\users\andyv\downloads\gnuboy\visualc\gnuboy\gnuboy\x64\release\gnuboy.tlog\rc.write.1.tlog
