c:\users\andyv\downloads\gnuboy\visualc\gnuboy\gnuboy\arm64\debug\vc143.pdb
c:\users\andyv\downloads\gnuboy\visualc\gnuboy\gnuboy\arm64\debug\vc143.idb
c:\users\andyv\downloads\gnuboy\visualc\gnuboy\gnuboy\arm64\debug\rccmds.obj
c:\users\andyv\downloads\gnuboy\visualc\gnuboy\gnuboy\arm64\debug\path.obj
c:\users\andyv\downloads\gnuboy\visualc\gnuboy\gnuboy\arm64\debug\palette.obj
c:\users\andyv\downloads\gnuboy\visualc\gnuboy\gnuboy\arm64\debug\newsound.obj
c:\users\andyv\downloads\gnuboy\visualc\gnuboy\gnuboy\arm64\debug\miniz_tinfl.obj
c:\users\andyv\downloads\gnuboy\visualc\gnuboy\gnuboy\arm64\debug\menu.obj
c:\users\andyv\downloads\gnuboy\visualc\gnuboy\gnuboy\arm64\debug\mem.obj
c:\users\andyv\downloads\gnuboy\visualc\gnuboy\gnuboy\arm64\debug\main.obj
c:\users\andyv\downloads\gnuboy\visualc\gnuboy\gnuboy\arm64\debug\loader.obj
c:\users\andyv\downloads\gnuboy\visualc\gnuboy\gnuboy\arm64\debug\lcdc.obj
c:\users\andyv\downloads\gnuboy\visualc\gnuboy\gnuboy\arm64\debug\lcd.obj
c:\users\andyv\downloads\gnuboy\visualc\gnuboy\gnuboy\arm64\debug\keytable.obj
c:\users\andyv\downloads\gnuboy\visualc\gnuboy\gnuboy\arm64\debug\inflate.obj
c:\users\andyv\downloads\gnuboy\visualc\gnuboy\gnuboy\arm64\debug\hw.obj
c:\users\andyv\downloads\gnuboy\visualc\gnuboy\gnuboy\arm64\debug\fastmem.obj
c:\users\andyv\downloads\gnuboy\visualc\gnuboy\gnuboy\arm64\debug\exports.obj
c:\users\andyv\downloads\gnuboy\visualc\gnuboy\gnuboy\arm64\debug\events.obj
c:\users\andyv\downloads\gnuboy\visualc\gnuboy\gnuboy\arm64\debug\emu.obj
c:\users\andyv\downloads\gnuboy\visualc\gnuboy\gnuboy\arm64\debug\debug.obj
c:\users\andyv\downloads\gnuboy\visualc\gnuboy\gnuboy\arm64\debug\cpu.obj
c:\users\andyv\downloads\gnuboy\visualc\gnuboy\gnuboy\arm64\debug\xz_dec_stream.obj
c:\users\andyv\downloads\gnuboy\visualc\gnuboy\gnuboy\arm64\debug\xz_dec_lzma2.obj
c:\users\andyv\downloads\gnuboy\visualc\gnuboy\gnuboy\arm64\debug\xz_dec_bcj.obj
c:\users\andyv\downloads\gnuboy\visualc\gnuboy\gnuboy\arm64\debug\xz_crc64.obj
c:\users\andyv\downloads\gnuboy\visualc\gnuboy\gnuboy\arm64\debug\xz_crc32.obj
c:\users\andyv\downloads\gnuboy\visualc\gnuboy\gnuboy\arm64\debug\windows.obj
c:\users\andyv\downloads\gnuboy\visualc\gnuboy\gnuboy\arm64\debug\sdl3.obj
c:\users\andyv\downloads\gnuboy\visualc\gnuboy\gnuboy\arm64\debug\sdl-joystick.obj
c:\users\andyv\downloads\gnuboy\visualc\gnuboy\gnuboy\arm64\debug\sdl-audio.obj
c:\users\andyv\downloads\gnuboy\visualc\gnuboy\gnuboy\arm64\debug\keymap.obj
c:\users\andyv\downloads\gnuboy\visualc\gnuboy\gnuboy\arm64\debug\split.obj
c:\users\andyv\downloads\gnuboy\visualc\gnuboy\gnuboy\arm64\debug\sound.obj
c:\users\andyv\downloads\gnuboy\visualc\gnuboy\gnuboy\arm64\debug\save.obj
c:\users\andyv\downloads\gnuboy\visualc\gnuboy\gnuboy\arm64\debug\rtc.obj
c:\users\andyv\downloads\gnuboy\visualc\gnuboy\gnuboy\arm64\debug\refresh.obj
c:\users\andyv\downloads\gnuboy\visualc\gnuboy\gnuboy\arm64\debug\rcvars.obj
c:\users\andyv\downloads\gnuboy\visualc\gnuboy\gnuboy\arm64\debug\rckeys.obj
c:\users\andyv\downloads\gnuboy\visualc\gnuboy\gnuboy\arm64\debug\rcfile.obj
c:\users\andyv\downloads\gnuboy\visualc\gnuboy\arm64\debug\gnuboy.exe
c:\users\andyv\downloads\gnuboy\visualc\gnuboy\arm64\debug\gnuboy.pdb
c:\users\andyv\downloads\gnuboy\visualc\gnuboy\gnuboy\arm64\debug\gnuboy.res
c:\users\andyv\downloads\gnuboy\visualc\gnuboy\gnuboy\arm64\debug\gnuboy.ilk
c:\users\andyv\downloads\gnuboy\visualc\gnuboy\gnuboy\arm64\debug\gnuboy.tlog\cl.command.1.tlog
c:\users\andyv\downloads\gnuboy\visualc\gnuboy\gnuboy\arm64\debug\gnuboy.tlog\cl.items.tlog
c:\users\andyv\downloads\gnuboy\visualc\gnuboy\gnuboy\arm64\debug\gnuboy.tlog\cl.read.1.tlog
c:\users\andyv\downloads\gnuboy\visualc\gnuboy\gnuboy\arm64\debug\gnuboy.tlog\cl.write.1.tlog
c:\users\andyv\downloads\gnuboy\visualc\gnuboy\gnuboy\arm64\debug\gnuboy.tlog\link.command.1.tlog
c:\users\andyv\downloads\gnuboy\visualc\gnuboy\gnuboy\arm64\debug\gnuboy.tlog\link.read.1.tlog
c:\users\andyv\downloads\gnuboy\visualc\gnuboy\gnuboy\arm64\debug\gnuboy.tlog\link.secondary.1.tlog
c:\users\andyv\downloads\gnuboy\visualc\gnuboy\gnuboy\arm64\debug\gnuboy.tlog\link.write.1.tlog
c:\users\andyv\downloads\gnuboy\visualc\gnuboy\gnuboy\arm64\debug\gnuboy.tlog\rc.command.1.tlog
c:\users\andyv\downloads\gnuboy\visualc\gnuboy\gnuboy\arm64\debug\gnuboy.tlog\rc.read.1.tlog
c:\users\andyv\downloads\gnuboy\visualc\gnuboy\gnuboy\arm64\debug\gnuboy.tlog\rc.write.1.tlog
